2025-04-22 16:39:20.624 [info] Extension host with pid 14325 started
2025-04-22 16:39:20.624 [error] Error: EEXIST: file already exists, open '/home/ubuntu/.local/share/code-server/User/workspaceStorage/-5066e27b/vscode.lock'
2025-04-22 16:39:20.629 [info] Lock '/home/ubuntu/.local/share/code-server/User/workspaceStorage/-5066e27b/vscode.lock': Could not acquire lock, checking if the file is stale.
2025-04-22 16:39:20.635 [info] Lock '/home/ubuntu/.local/share/code-server/User/workspaceStorage/-5066e27b/vscode.lock': The lock does not look stale, elapsed: 738 ms, giving up.
2025-04-22 16:39:20.655 [info] Lock '/home/ubuntu/.local/share/code-server/User/workspaceStorage/-5066e27b-1/vscode.lock': Lock acquired.
2025-04-22 16:39:20.832 [info] ExtensionService#_doActivateExtension vscode.emmet, startup: false, activationEvent: 'onLanguage'
2025-04-22 16:39:20.833 [info] ExtensionService#_doActivateExtension vscode.extension-editing, startup: false, activationEvent: 'onLanguage:markdown'
2025-04-22 16:39:20.834 [info] ExtensionService#_doActivateExtension vscode.markdown-language-features, startup: false, activationEvent: 'onLanguage:markdown'
2025-04-22 16:39:21.442 [info] ExtensionService#_doActivateExtension vscode.git-base, startup: true, activationEvent: '*', root cause: vscode.git
2025-04-22 16:39:21.614 [info] ExtensionService#_doActivateExtension vscode.git, startup: true, activationEvent: '*'
2025-04-22 16:39:21.614 [info] ExtensionService#_doActivateExtension vscode.github, startup: true, activationEvent: '*'
2025-04-22 16:39:21.813 [info] ExtensionService#_doActivateExtension vscode.markdown-math, startup: false, activationEvent: 'api', root cause: vscode.markdown-language-features
2025-04-22 16:39:22.067 [info] Eager extensions activated
2025-04-22 16:39:22.067 [info] ExtensionService#_doActivateExtension vscode.debug-auto-launch, startup: false, activationEvent: 'onStartupFinished'
2025-04-22 16:39:22.068 [info] ExtensionService#_doActivateExtension vscode.merge-conflict, startup: false, activationEvent: 'onStartupFinished'
2025-04-22 16:39:22.674 [warning] [Decorations] CAPPING events from decorations provider vscode.git 10000
2025-04-22 16:39:24.817 [warning] [Decorations] CAPPING events from decorations provider vscode.git 10000
2025-04-22 16:39:26.683 [info] ExtensionService#_doActivateExtension vscode.github-authentication, startup: false, activationEvent: 'onAuthenticationRequest:github'
2025-04-22 16:41:26.630 [info] ExtensionService#_doActivateExtension vscode.npm, startup: false, activationEvent: 'onTerminalQuickFixRequest:ms-vscode.npm-command'
2025-04-22 16:41:32.809 [info] ExtensionService#_doActivateExtension vscode.configuration-editing, startup: false, activationEvent: 'onLanguage:json'
2025-04-22 16:41:32.809 [info] ExtensionService#_doActivateExtension vscode.json-language-features, startup: false, activationEvent: 'onLanguage:json'
2025-04-22 16:43:09.854 [warning] [Decorations] CAPPING events from decorations provider vscode.git 10000
